Added Component: Designator=C1(3-0603_L)
Added Component: Designator=C2(3528)
Added Component: Designator=C3(3-0603_L)
Added Component: Designator=C4(3-0603_L)
Added Component: Designator=C5(3-0603_L)
Added Component: Designator=C6(3-0603_L)
Added Component: Designator=C7(CAP D Size)
Added Component: Designator=C8(CAP D Size)
Added Component: Designator=C9(CAP D Size)
Added Component: Designator=C10(CAP D Size)
Added Component: Designator=C11(8-1206)
Added Component: Designator=C12(6-0805 - big)
Added Component: Designator=C13(8-1206)
Added Component: Designator=C14(6-0805 - big)
Added Component: Designator=C15(3-0603_L)
Added Component: Designator=C16(3-0603_L)
Added Component: Designator=C17(CAP Size H13= 12.5x13.8mm)
Added Component: Designator=C18(3-0603_L)
Added Component: Designator=C19(CAP Size H13= 12.5x13.8mm)
Added Component: Designator=C20(3-0603_L)
Added Component: Designator=C21(3-0603_L)
Added Component: Designator=C22(3-0603_L)
Added Component: Designator=C23(3-0603_L)
Added Component: Designator=C24(3-0603_L)
Added Component: Designator=C25(3-0603_L)
Added Component: Designator=C26(3-0603_L)
Added Component: Designator=C27(3528)
Added Component: Designator=C28(3-0603_L)
Added Component: Designator=CN1(Connector 4973-08TRNLF)
Added Component: Designator=CN2(Connector 4973-08TRNLF)
Added Component: Designator=CN3(Connector 4973-08TRNLF)
Added Component: Designator=CN4(Connector 4973-08TRNLF)
Added Component: Designator=CN5(Connector 4973-08TRNLF)
Added Component: Designator=CN6(Connector 4973-04TRNLF)
Added Component: Designator=D1(DO214)
Added Component: Designator=D2(DO214)
Added Component: Designator=D3(DO214)
Added Component: Designator=D4(DO214)
Added Component: Designator=D5(6-0805 - LED)
Added Component: Designator=D6(6-0805 - LED)
Added Component: Designator=D7(6-0805 - LED)
Added Component: Designator=D8(6-0805 - LED)
Added Component: Designator=D9(6-0805 - LED)
Added Component: Designator=D10(6-0805 - LED)
Added Component: Designator=D11(6-0805 - LED)
Added Component: Designator=D12(CASE 403-03 ISSUE E)
Added Component: Designator=D13(6-0805 - LED)
Added Component: Designator=D14(DO214 AA)
Added Component: Designator=D15(CASE 403-03 ISSUE E)
Added Component: Designator=D16(DL-35 - S)
Added Component: Designator=D17(DL-35 - S)
Added Component: Designator=J1(JUMPER 20mm)
Added Component: Designator=J2(JUMPER 20mm)
Added Component: Designator=J3(JUMPER 20mm)
Added Component: Designator=J4(JUMPER 20mm)
Added Component: Designator=J5(DSUB1.385-2H9)
Added Component: Designator=K1(RELAY ALQ324)
Added Component: Designator=K2(RELAY ALQ324)
Added Component: Designator=K3(RELAY ALQ324)
Added Component: Designator=K4(RELAY ALQ324)
Added Component: Designator=L1(EB-221M18G01)
Added Component: Designator=P1(Header 2mm 5Pin)
Added Component: Designator=P2(Connector DG301-5.0 - 3P)
Added Component: Designator=Q1(SOT89M)
Added Component: Designator=Q2(SOT89M)
Added Component: Designator=Q3(SOT89M)
Added Component: Designator=Q4(SOT89M)
Added Component: Designator=Q5(DFN5x6 EP)
Added Component: Designator=Q6(DFN5x6 EP)
Added Component: Designator=R1(6-0805 - big)
Added Component: Designator=R2(6-0805 - big)
Added Component: Designator=R3(6-0805)
Added Component: Designator=R4(6-0805)
Added Component: Designator=R5(6-0805)
Added Component: Designator=R6(6-0805)
Added Component: Designator=R7(3-0603_L)
Added Component: Designator=R8(3-0603_L)
Added Component: Designator=R9(3-0603_L)
Added Component: Designator=R10(3-0603_L)
Added Component: Designator=R11(3-0603_L)
Added Component: Designator=R12(3-0603_L)
Added Component: Designator=R13(3-0603_L)
Added Component: Designator=R14(3-0603_L)
Added Component: Designator=R15(3-0603_L)
Added Component: Designator=R16(3-0603_L)
Added Component: Designator=R17(3-0603_L)
Added Component: Designator=R18(3-0603_L)
Added Component: Designator=R19(3-0603_L)
Added Component: Designator=R20(3-0603_L)
Added Component: Designator=R21(3-0603_L)
Added Component: Designator=R22(3-0603_L)
Added Component: Designator=R23(3-0603_L)
Added Component: Designator=R24(3-0603_L)
Added Component: Designator=R25(3-0603_L)
Added Component: Designator=R26(3-0603_L)
Added Component: Designator=R27(6-0805_M)
Added Component: Designator=R28(8-1206)
Added Component: Designator=R29(3-0603_L)
Added Component: Designator=R30(3-0603_L)
Added Component: Designator=U1(TQFP-44)
Added Component: Designator=U2(MultiPowerSO-30)
Added Component: Designator=U3(MultiPowerSO-30)
Added Component: Designator=U4(TS5B_M)
Added Component: Designator=U5(TO-92)
Added Component: Designator=U6(TO-92)
Added Component: Designator=U7(SOIC16 - big)
Added Pin To Net: NetName=GND Pin=C1-1
Added Pin To Net: NetName=VCC Pin=C1-2
Added Pin To Net: NetName=VCC Pin=C2-1
Added Pin To Net: NetName=GND Pin=C2-2
Added Pin To Net: NetName=GND Pin=C3-1
Added Pin To Net: NetName=VCC Pin=C3-2
Added Pin To Net: NetName=GND Pin=C4-1
Added Pin To Net: NetName=GND Pin=C5-1
Added Pin To Net: NetName=GND Pin=C6-1
Added Pin To Net: NetName=GND Pin=C7-2
Added Pin To Net: NetName=GND Pin=C8-2
Added Pin To Net: NetName=GND Pin=C9-2
Added Pin To Net: NetName=GND Pin=C10-2
Added Pin To Net: NetName=GND Pin=C11-1
Added Pin To Net: NetName=GND Pin=C12-1
Added Pin To Net: NetName=GND Pin=C13-1
Added Pin To Net: NetName=GND Pin=C14-1
Added Pin To Net: NetName=GND Pin=C15-1
Added Pin To Net: NetName=GND Pin=C16-1
Added Pin To Net: NetName=GND Pin=C17-2
Added Pin To Net: NetName=GND Pin=C18-1
Added Pin To Net: NetName=VCC Pin=C19-1
Added Pin To Net: NetName=GND Pin=C19-2
Added Pin To Net: NetName=GND Pin=C20-1
Added Pin To Net: NetName=VCC Pin=C20-2
Added Pin To Net: NetName=GND Pin=C21-1
Added Pin To Net: NetName=VCC Pin=C21-2
Added Pin To Net: NetName=GND Pin=C22-1
Added Pin To Net: NetName=VCC Pin=C22-2
Added Pin To Net: NetName=GND Pin=C24-1
Added Pin To Net: NetName=VCC Pin=C24-2
Added Pin To Net: NetName=GND Pin=C26-2
Added Pin To Net: NetName=VCC Pin=C27-1
Added Pin To Net: NetName=GND Pin=C27-2
Added Pin To Net: NetName=GND Pin=C28-2
Added Pin To Net: NetName=NetCN1_2 Pin=CN1-2
Added Pin To Net: NetName=NetCN1_2 Pin=CN1-4
Added Pin To Net: NetName=NetCN1_2 Pin=CN1-6
Added Pin To Net: NetName=NetCN1_2 Pin=CN1-8
Added Pin To Net: NetName=NetCN2_2 Pin=CN2-2
Added Pin To Net: NetName=NetCN2_2 Pin=CN2-4
Added Pin To Net: NetName=NetCN2_2 Pin=CN2-6
Added Pin To Net: NetName=NetCN2_2 Pin=CN2-8
Added Pin To Net: NetName=NetCN1_2 Pin=CN3-2
Added Pin To Net: NetName=NetCN1_2 Pin=CN3-4
Added Pin To Net: NetName=NetCN1_2 Pin=CN3-6
Added Pin To Net: NetName=NetCN1_2 Pin=CN3-8
Added Pin To Net: NetName=NetCN2_2 Pin=CN4-2
Added Pin To Net: NetName=NetCN2_2 Pin=CN4-4
Added Pin To Net: NetName=NetCN2_2 Pin=CN4-6
Added Pin To Net: NetName=NetCN2_2 Pin=CN4-8
Added Pin To Net: NetName=NetCN5_2 Pin=CN5-2
Added Pin To Net: NetName=NetCN5_4 Pin=CN5-4
Added Pin To Net: NetName=NetCN5_6 Pin=CN5-6
Added Pin To Net: NetName=NetCN5_8 Pin=CN5-8
Added Pin To Net: NetName=GND Pin=CN6-1
Added Pin To Net: NetName=GND Pin=CN6-3
Added Pin To Net: NetName=+24V INPUT Pin=D1-2
Added Pin To Net: NetName=+24V INPUT Pin=D2-2
Added Pin To Net: NetName=+24V INPUT Pin=D3-2
Added Pin To Net: NetName=+24V INPUT Pin=D4-2
Added Pin To Net: NetName=NetD5_1 Pin=D5-1
Added Pin To Net: NetName=GND Pin=D5-2
Added Pin To Net: NetName=NetD6_1 Pin=D6-1
Added Pin To Net: NetName=GND Pin=D6-2
Added Pin To Net: NetName=NetD8_1 Pin=D8-1
Added Pin To Net: NetName=NetD9_1 Pin=D9-1
Added Pin To Net: NetName=NetD8_1 Pin=D10-2
Added Pin To Net: NetName=NetD9_1 Pin=D11-2
Added Pin To Net: NetName=+24V INPUT Pin=D12-1
Added Pin To Net: NetName=VCC Pin=D13-1
Added Pin To Net: NetName=GND Pin=D14-1
Added Pin To Net: NetName=+24V INPUT Pin=D14-2
Added Pin To Net: NetName=GND Pin=D15-1
Added Pin To Net: NetName=NetD16_1 Pin=D16-1
Added Pin To Net: NetName=GND Pin=D17-2
Added Pin To Net: NetName=NetJ1_2 Pin=J1-2
Added Pin To Net: NetName=NetCN1_2 Pin=J3-1
Added Pin To Net: NetName=NetCN2_2 Pin=J4-1
Added Pin To Net: NetName=GND Pin=J5-5
Added Pin To Net: NetName=NetCN5_2 Pin=K1-2
Added Pin To Net: NetName=+24V INPUT Pin=K1-3
Added Pin To Net: NetName=NetCN5_4 Pin=K2-2
Added Pin To Net: NetName=+24V INPUT Pin=K2-3
Added Pin To Net: NetName=NetCN5_6 Pin=K3-2
Added Pin To Net: NetName=+24V INPUT Pin=K3-3
Added Pin To Net: NetName=NetCN5_8 Pin=K4-2
Added Pin To Net: NetName=+24V INPUT Pin=K4-3
Added Pin To Net: NetName=VCC Pin=L1-2
Added Pin To Net: NetName=VCC Pin=L1-2
Added Pin To Net: NetName=VCC Pin=P1-2
Added Pin To Net: NetName=GND Pin=P1-3
Added Pin To Net: NetName=NetP1_4 Pin=P1-4
Added Pin To Net: NetName=NetP1_5 Pin=P1-5
Added Pin To Net: NetName=VCC Pin=P2-1
Added Pin To Net: NetName=NetP2_2 Pin=P2-2
Added Pin To Net: NetName=NetD16_1 Pin=P2-3
Added Pin To Net: NetName=NetQ1_1 Pin=Q1-1
Added Pin To Net: NetName=GND Pin=Q1-3
Added Pin To Net: NetName=NetQ2_1 Pin=Q2-1
Added Pin To Net: NetName=GND Pin=Q2-3
Added Pin To Net: NetName=NetQ3_1 Pin=Q3-1
Added Pin To Net: NetName=GND Pin=Q3-3
Added Pin To Net: NetName=NetQ4_1 Pin=Q4-1
Added Pin To Net: NetName=GND Pin=Q4-3
Added Pin To Net: NetName=NetD6_1 Pin=R1-1
Added Pin To Net: NetName=NetD5_1 Pin=R2-1
Added Pin To Net: NetName=NetR3_1 Pin=R3-1
Added Pin To Net: NetName=NetQ1_1 Pin=R3-2
Added Pin To Net: NetName=NetR4_1 Pin=R4-1
Added Pin To Net: NetName=NetQ2_1 Pin=R4-2
Added Pin To Net: NetName=NetR5_1 Pin=R5-1
Added Pin To Net: NetName=NetQ3_1 Pin=R5-2
Added Pin To Net: NetName=NetR6_1 Pin=R6-1
Added Pin To Net: NetName=NetQ4_1 Pin=R6-2
Added Pin To Net: NetName=VCC Pin=R7-2
Added Pin To Net: NetName=GND Pin=R8-1
Added Pin To Net: NetName=NetR9_1 Pin=R9-1
Added Pin To Net: NetName=VCC Pin=R9-2
Added Pin To Net: NetName=NetR10_1 Pin=R10-1
Added Pin To Net: NetName=VCC Pin=R10-2
Added Pin To Net: NetName=NetR11_1 Pin=R11-1
Added Pin To Net: NetName=NetR9_1 Pin=R11-2
Added Pin To Net: NetName=NetR10_1 Pin=R12-2
Added Pin To Net: NetName=NetR13_2 Pin=R13-2
Added Pin To Net: NetName=NetR14_1 Pin=R14-1
Added Pin To Net: NetName=NetR15_1 Pin=R15-1
Added Pin To Net: NetName=NetR16_1 Pin=R16-1
Added Pin To Net: NetName=NetR17_1 Pin=R17-1
Added Pin To Net: NetName=GND Pin=R19-1
Added Pin To Net: NetName=NetR17_1 Pin=R19-2
Added Pin To Net: NetName=GND Pin=R20-1
Added Pin To Net: NetName=GND Pin=R23-1
Added Pin To Net: NetName=GND Pin=R24-1
Added Pin To Net: NetName=NetJ1_2 Pin=R25-1
Added Pin To Net: NetName=NetD8_1 Pin=R25-2
Added Pin To Net: NetName=NetD9_1 Pin=R26-2
Added Pin To Net: NetName=GND Pin=R27-1
Added Pin To Net: NetName=GND Pin=R28-1
Added Pin To Net: NetName=NetD16_1 Pin=R28-2
Added Pin To Net: NetName=GND Pin=R29-1
Added Pin To Net: NetName=NetP2_2 Pin=R29-2
Added Pin To Net: NetName=VCC Pin=R30-2
Added Pin To Net: NetName=NetU1_1 Pin=U1-1
Added Pin To Net: NetName=GND Pin=U1-6
Added Pin To Net: NetName=VCC Pin=U1-7
Added Pin To Net: NetName=NetR11_1 Pin=U1-9
Added Pin To Net: NetName=NetR15_1 Pin=U1-11
Added Pin To Net: NetName=NetP1_5 Pin=U1-16
Added Pin To Net: NetName=NetP1_4 Pin=U1-17
Added Pin To Net: NetName=NetP2_2 Pin=U1-19
Added Pin To Net: NetName=NetD16_1 Pin=U1-20
Added Pin To Net: NetName=NetR16_1 Pin=U1-24
Added Pin To Net: NetName=NetR14_1 Pin=U1-25
Added Pin To Net: NetName=VCC Pin=U1-28
Added Pin To Net: NetName=GND Pin=U1-29
Added Pin To Net: NetName=NetR17_1 Pin=U1-36
Added Pin To Net: NetName=NetR4_1 Pin=U1-38
Added Pin To Net: NetName=NetR3_1 Pin=U1-39
Added Pin To Net: NetName=NetR5_1 Pin=U1-40
Added Pin To Net: NetName=NetR6_1 Pin=U1-41
Added Pin To Net: NetName=NetU1_44 Pin=U1-44
Added Pin To Net: NetName=NetR13_2 Pin=U2-4
Added Pin To Net: NetName=NetR9_1 Pin=U2-5
Added Pin To Net: NetName=NetR9_1 Pin=U2-9
Added Pin To Net: NetName=NetJ1_2 Pin=U2-15
Added Pin To Net: NetName=NetJ1_2 Pin=U2-16
Added Pin To Net: NetName=GND Pin=U2-17
Added Pin To Net: NetName=GND Pin=U2-18
Added Pin To Net: NetName=GND Pin=U2-19
Added Pin To Net: NetName=GND Pin=U2-20
Added Pin To Net: NetName=NetJ1_2 Pin=U2-21
Added Pin To Net: NetName=NetJ1_2 Pin=U2-22
Added Pin To Net: NetName=GND Pin=U2-26
Added Pin To Net: NetName=GND Pin=U2-27
Added Pin To Net: NetName=GND Pin=U2-28
Added Pin To Net: NetName=GND Pin=U2-29
Added Pin To Net: NetName=NetJ1_2 Pin=U2-32
Added Pin To Net: NetName=NetR10_1 Pin=U3-5
Added Pin To Net: NetName=NetR10_1 Pin=U3-9
Added Pin To Net: NetName=GND Pin=U3-17
Added Pin To Net: NetName=GND Pin=U3-18
Added Pin To Net: NetName=GND Pin=U3-19
Added Pin To Net: NetName=GND Pin=U3-20
Added Pin To Net: NetName=GND Pin=U3-26
Added Pin To Net: NetName=GND Pin=U3-27
Added Pin To Net: NetName=GND Pin=U3-28
Added Pin To Net: NetName=GND Pin=U3-29
Added Pin To Net: NetName=GND Pin=U4-3
Added Pin To Net: NetName=VCC Pin=U4-4
Added Pin To Net: NetName=GND Pin=U4-5
Added Pin To Net: NetName=GND Pin=U4-6
Added Pin To Net: NetName=VCC Pin=U5-1
Added Pin To Net: NetName=NetP2_2 Pin=U5-2
Added Pin To Net: NetName=NetD16_1 Pin=U5-3
Added Pin To Net: NetName=GND Pin=U6-1
Added Pin To Net: NetName=VCC Pin=U6-3
Added Pin To Net: NetName=NetU1_1 Pin=U7-9
Added Pin To Net: NetName=NetU1_44 Pin=U7-10
Added Pin To Net: NetName=GND Pin=U7-15
Added Pin To Net: NetName=VCC Pin=U7-16
Added Pin To Net: NetName=NetC4_2 Pin=C4-2
Added Pin To Net: NetName=NetC4_2 Pin=U1-32
Added Net: Name=NetC4_2
Added Pin To Net: NetName=NetC5_2 Pin=C5-2
Added Pin To Net: NetName=NetC5_2 Pin=U1-31
Added Net: Name=NetC5_2
Added Pin To Net: NetName=NetC6_2 Pin=C6-2
Added Pin To Net: NetName=NetC6_2 Pin=P1-1
Added Pin To Net: NetName=NetC6_2 Pin=R7-1
Added Pin To Net: NetName=NetC6_2 Pin=U1-18
Added Net: Name=NetC6_2
Added Pin To Net: NetName=NetC8_1 Pin=C8-1
Added Pin To Net: NetName=NetC8_1 Pin=C12-2
Added Pin To Net: NetName=NetC8_1 Pin=Q5-5
Added Pin To Net: NetName=NetC8_1 Pin=Q5-5
Added Pin To Net: NetName=NetC8_1 Pin=Q5-5
Added Pin To Net: NetName=NetC8_1 Pin=Q5-5
Added Pin To Net: NetName=NetC8_1 Pin=Q5-5
Added Pin To Net: NetName=NetC8_1 Pin=Q5-5
Added Pin To Net: NetName=NetC8_1 Pin=Q5-5
Added Pin To Net: NetName=NetC8_1 Pin=Q5-5
Added Pin To Net: NetName=NetC8_1 Pin=Q5-5
Added Pin To Net: NetName=NetC8_1 Pin=Q5-5
Added Pin To Net: NetName=NetC8_1 Pin=Q5-5
Added Pin To Net: NetName=NetC8_1 Pin=Q5-5
Added Pin To Net: NetName=NetC8_1 Pin=Q5-5
Added Pin To Net: NetName=NetC8_1 Pin=Q5-6
Added Pin To Net: NetName=NetC8_1 Pin=Q5-7
Added Pin To Net: NetName=NetC8_1 Pin=Q5-8
Added Pin To Net: NetName=NetC8_1 Pin=U2-2
Added Pin To Net: NetName=NetC8_1 Pin=U2-3
Added Pin To Net: NetName=NetC8_1 Pin=U2-13
Added Pin To Net: NetName=NetC8_1 Pin=U2-14
Added Pin To Net: NetName=NetC8_1 Pin=U2-23
Added Pin To Net: NetName=NetC8_1 Pin=U2-31
Added Net: Name=NetC8_1
Added Pin To Net: NetName=NetC10_1 Pin=C10-1
Added Pin To Net: NetName=NetC10_1 Pin=C14-2
Added Pin To Net: NetName=NetC10_1 Pin=Q6-5
Added Pin To Net: NetName=NetC10_1 Pin=Q6-5
Added Pin To Net: NetName=NetC10_1 Pin=Q6-5
Added Pin To Net: NetName=NetC10_1 Pin=Q6-5
Added Pin To Net: NetName=NetC10_1 Pin=Q6-5
Added Pin To Net: NetName=NetC10_1 Pin=Q6-5
Added Pin To Net: NetName=NetC10_1 Pin=Q6-5
Added Pin To Net: NetName=NetC10_1 Pin=Q6-5
Added Pin To Net: NetName=NetC10_1 Pin=Q6-5
Added Pin To Net: NetName=NetC10_1 Pin=Q6-5
Added Pin To Net: NetName=NetC10_1 Pin=Q6-5
Added Pin To Net: NetName=NetC10_1 Pin=Q6-5
Added Pin To Net: NetName=NetC10_1 Pin=Q6-5
Added Pin To Net: NetName=NetC10_1 Pin=Q6-6
Added Pin To Net: NetName=NetC10_1 Pin=Q6-7
Added Pin To Net: NetName=NetC10_1 Pin=Q6-8
Added Pin To Net: NetName=NetC10_1 Pin=U3-2
Added Pin To Net: NetName=NetC10_1 Pin=U3-3
Added Pin To Net: NetName=NetC10_1 Pin=U3-13
Added Pin To Net: NetName=NetC10_1 Pin=U3-14
Added Pin To Net: NetName=NetC10_1 Pin=U3-23
Added Pin To Net: NetName=NetC10_1 Pin=U3-31
Added Net: Name=NetC10_1
Added Pin To Net: NetName=NetC15_2 Pin=C15-2
Added Pin To Net: NetName=NetC15_2 Pin=R21-2
Added Pin To Net: NetName=NetC15_2 Pin=U1-8
Added Net: Name=NetC15_2
Added Pin To Net: NetName=NetC16_2 Pin=C16-2
Added Pin To Net: NetName=NetC16_2 Pin=R22-2
Added Pin To Net: NetName=NetC16_2 Pin=U1-27
Added Net: Name=NetC16_2
Added Pin To Net: NetName=NetC17_1 Pin=C17-1
Added Pin To Net: NetName=NetC17_1 Pin=C18-2
Added Pin To Net: NetName=NetC17_1 Pin=D12-2
Added Pin To Net: NetName=NetC17_1 Pin=U4-1
Added Net: Name=NetC17_1
Added Pin To Net: NetName=NetC23_1 Pin=C23-1
Added Pin To Net: NetName=NetC23_1 Pin=U7-1
Added Net: Name=NetC23_1
Added Pin To Net: NetName=NetC23_2 Pin=C23-2
Added Pin To Net: NetName=NetC23_2 Pin=U7-3
Added Net: Name=NetC23_2
Added Pin To Net: NetName=NetC25_1 Pin=C25-1
Added Pin To Net: NetName=NetC25_1 Pin=U7-4
Added Net: Name=NetC25_1
Added Pin To Net: NetName=NetC25_2 Pin=C25-2
Added Pin To Net: NetName=NetC25_2 Pin=U7-5
Added Net: Name=NetC25_2
Added Pin To Net: NetName=NetC26_1 Pin=C26-1
Added Pin To Net: NetName=NetC26_1 Pin=U7-2
Added Net: Name=NetC26_1
Added Pin To Net: NetName=NetC28_1 Pin=C28-1
Added Pin To Net: NetName=NetC28_1 Pin=U7-6
Added Net: Name=NetC28_1
Added Pin To Net: NetName=NetCN1_1 Pin=CN1-1
Added Pin To Net: NetName=NetCN1_1 Pin=CN1-3
Added Pin To Net: NetName=NetCN1_1 Pin=CN1-5
Added Pin To Net: NetName=NetCN1_1 Pin=CN1-7
Added Pin To Net: NetName=NetCN1_1 Pin=CN3-1
Added Pin To Net: NetName=NetCN1_1 Pin=CN3-3
Added Pin To Net: NetName=NetCN1_1 Pin=CN3-5
Added Pin To Net: NetName=NetCN1_1 Pin=CN3-7
Added Pin To Net: NetName=NetCN1_1 Pin=J1-1
Added Net: Name=NetCN1_1
Added Pin To Net: NetName=NetCN2_1 Pin=CN2-1
Added Pin To Net: NetName=NetCN2_1 Pin=CN2-3
Added Pin To Net: NetName=NetCN2_1 Pin=CN2-5
Added Pin To Net: NetName=NetCN2_1 Pin=CN2-7
Added Pin To Net: NetName=NetCN2_1 Pin=CN4-1
Added Pin To Net: NetName=NetCN2_1 Pin=CN4-3
Added Pin To Net: NetName=NetCN2_1 Pin=CN4-5
Added Pin To Net: NetName=NetCN2_1 Pin=CN4-7
Added Pin To Net: NetName=NetCN2_1 Pin=J2-1
Added Net: Name=NetCN2_1
Added Pin To Net: NetName=NetCN5_1 Pin=CN5-1
Added Pin To Net: NetName=NetCN5_1 Pin=K1-1
Added Net: Name=NetCN5_1
Added Pin To Net: NetName=NetCN5_3 Pin=CN5-3
Added Pin To Net: NetName=NetCN5_3 Pin=K2-1
Added Net: Name=NetCN5_3
Added Pin To Net: NetName=NetCN5_5 Pin=CN5-5
Added Pin To Net: NetName=NetCN5_5 Pin=K3-1
Added Net: Name=NetCN5_5
Added Pin To Net: NetName=NetCN5_7 Pin=CN5-7
Added Pin To Net: NetName=NetCN5_7 Pin=K4-1
Added Net: Name=NetCN5_7
Added Pin To Net: NetName=NetD1_1 Pin=D1-1
Added Pin To Net: NetName=NetD1_1 Pin=K1-4
Added Pin To Net: NetName=NetD1_1 Pin=Q1-2
Added Pin To Net: NetName=NetD1_1 Pin=Q1-2
Added Net: Name=NetD1_1
Added Pin To Net: NetName=NetD2_1 Pin=D2-1
Added Pin To Net: NetName=NetD2_1 Pin=K2-4
Added Pin To Net: NetName=NetD2_1 Pin=Q2-2
Added Pin To Net: NetName=NetD2_1 Pin=Q2-2
Added Net: Name=NetD2_1
Added Pin To Net: NetName=NetD3_1 Pin=D3-1
Added Pin To Net: NetName=NetD3_1 Pin=K3-4
Added Pin To Net: NetName=NetD3_1 Pin=Q3-2
Added Pin To Net: NetName=NetD3_1 Pin=Q3-2
Added Net: Name=NetD3_1
Added Pin To Net: NetName=NetD4_1 Pin=D4-1
Added Pin To Net: NetName=NetD4_1 Pin=K4-4
Added Pin To Net: NetName=NetD4_1 Pin=Q4-2
Added Pin To Net: NetName=NetD4_1 Pin=Q4-2
Added Net: Name=NetD4_1
Added Pin To Net: NetName=NetD7_2 Pin=D7-2
Added Pin To Net: NetName=NetD7_2 Pin=R8-2
Added Net: Name=NetD7_2
Added Pin To Net: NetName=NetD8_2 Pin=D8-2
Added Pin To Net: NetName=NetD8_2 Pin=D10-1
Added Pin To Net: NetName=NetD8_2 Pin=J3-2
Added Pin To Net: NetName=NetD8_2 Pin=U2-1
Added Pin To Net: NetName=NetD8_2 Pin=U2-24
Added Pin To Net: NetName=NetD8_2 Pin=U2-25
Added Pin To Net: NetName=NetD8_2 Pin=U2-30
Added Pin To Net: NetName=NetD8_2 Pin=U2-33
Added Net: Name=NetD8_2
Added Pin To Net: NetName=NetD9_2 Pin=D9-2
Added Pin To Net: NetName=NetD9_2 Pin=D11-1
Added Pin To Net: NetName=NetD9_2 Pin=J4-2
Added Pin To Net: NetName=NetD9_2 Pin=U3-1
Added Pin To Net: NetName=NetD9_2 Pin=U3-24
Added Pin To Net: NetName=NetD9_2 Pin=U3-25
Added Pin To Net: NetName=NetD9_2 Pin=U3-30
Added Pin To Net: NetName=NetD9_2 Pin=U3-33
Added Net: Name=NetD9_2
Added Pin To Net: NetName=NetD13_2 Pin=D13-2
Added Pin To Net: NetName=NetD13_2 Pin=R27-2
Added Net: Name=NetD13_2
Added Pin To Net: NetName=NetD15_2 Pin=D15-2
Added Pin To Net: NetName=NetD15_2 Pin=L1-1
Added Pin To Net: NetName=NetD15_2 Pin=L1-1
Added Pin To Net: NetName=NetD15_2 Pin=U4-2
Added Net: Name=NetD15_2
Added Pin To Net: NetName=NetD16_2 Pin=D16-2
Added Pin To Net: NetName=NetD16_2 Pin=D17-1
Added Net: Name=NetD16_2
Added Pin To Net: NetName=NetJ2_2 Pin=J2-2
Added Pin To Net: NetName=NetJ2_2 Pin=R26-1
Added Pin To Net: NetName=NetJ2_2 Pin=U3-15
Added Pin To Net: NetName=NetJ2_2 Pin=U3-16
Added Pin To Net: NetName=NetJ2_2 Pin=U3-21
Added Pin To Net: NetName=NetJ2_2 Pin=U3-22
Added Pin To Net: NetName=NetJ2_2 Pin=U3-32
Added Net: Name=NetJ2_2
Added Pin To Net: NetName=NetJ5_2 Pin=J5-2
Added Pin To Net: NetName=NetJ5_2 Pin=U7-7
Added Net: Name=NetJ5_2
Added Pin To Net: NetName=NetJ5_3 Pin=J5-3
Added Pin To Net: NetName=NetJ5_3 Pin=U7-8
Added Net: Name=NetJ5_3
Added Pin To Net: NetName=NetQ5_4 Pin=Q5-4
Added Pin To Net: NetName=NetQ5_4 Pin=Q5-4
Added Pin To Net: NetName=NetQ5_4 Pin=U2-11
Added Net: Name=NetQ5_4
Added Pin To Net: NetName=NetQ6_4 Pin=Q6-4
Added Pin To Net: NetName=NetQ6_4 Pin=Q6-4
Added Pin To Net: NetName=NetQ6_4 Pin=U3-11
Added Net: Name=NetQ6_4
Added Pin To Net: NetName=NetR1_2 Pin=R1-2
Added Pin To Net: NetName=NetR1_2 Pin=U1-22
Added Net: Name=NetR1_2
Added Pin To Net: NetName=NetR2_2 Pin=R2-2
Added Pin To Net: NetName=NetR2_2 Pin=U1-23
Added Net: Name=NetR2_2
Added Pin To Net: NetName=NetR12_1 Pin=R12-1
Added Pin To Net: NetName=NetR12_1 Pin=U1-26
Added Net: Name=NetR12_1
Added Pin To Net: NetName=NetR13_1 Pin=R13-1
Added Pin To Net: NetName=NetR13_1 Pin=U1-10
Added Net: Name=NetR13_1
Added Pin To Net: NetName=NetR14_2 Pin=R14-2
Added Pin To Net: NetName=NetR14_2 Pin=U3-4
Added Net: Name=NetR14_2
Added Pin To Net: NetName=NetR15_2 Pin=R15-2
Added Pin To Net: NetName=NetR15_2 Pin=U2-10
Added Net: Name=NetR15_2
Added Pin To Net: NetName=NetR16_2 Pin=R16-2
Added Pin To Net: NetName=NetR16_2 Pin=U3-10
Added Net: Name=NetR16_2
Added Pin To Net: NetName=NetR17_2 Pin=R17-2
Added Pin To Net: NetName=NetR17_2 Pin=U2-7
Added Net: Name=NetR17_2
Added Pin To Net: NetName=NetR18_1 Pin=R18-1
Added Pin To Net: NetName=NetR18_1 Pin=R20-2
Added Pin To Net: NetName=NetR18_1 Pin=U1-35
Added Net: Name=NetR18_1
Added Pin To Net: NetName=NetR18_2 Pin=R18-2
Added Pin To Net: NetName=NetR18_2 Pin=U3-7
Added Net: Name=NetR18_2
Added Pin To Net: NetName=NetR21_1 Pin=R21-1
Added Pin To Net: NetName=NetR21_1 Pin=R23-2
Added Pin To Net: NetName=NetR21_1 Pin=U2-8
Added Net: Name=NetR21_1
Added Pin To Net: NetName=NetR22_1 Pin=R22-1
Added Pin To Net: NetName=NetR22_1 Pin=R24-2
Added Pin To Net: NetName=NetR22_1 Pin=U3-8
Added Net: Name=NetR22_1
Added Pin To Net: NetName=NetR30_1 Pin=R30-1
Added Pin To Net: NetName=NetR30_1 Pin=U1-21
Added Pin To Net: NetName=NetR30_1 Pin=U6-2
Added Net: Name=NetR30_1
Added Pin To Net: NetName=VIN +24V Pin=C11-2
Added Pin To Net: NetName=VIN +24V Pin=C13-2
Added Pin To Net: NetName=VIN +24V Pin=CN6-2
Added Pin To Net: NetName=VIN +24V Pin=CN6-4
Added Pin To Net: NetName=VIN +24V Pin=Q5-1
Added Pin To Net: NetName=VIN +24V Pin=Q5-2
Added Pin To Net: NetName=VIN +24V Pin=Q5-3
Added Pin To Net: NetName=VIN +24V Pin=Q6-1
Added Pin To Net: NetName=VIN +24V Pin=Q6-2
Added Pin To Net: NetName=VIN +24V Pin=Q6-3
Added Pin To Net: NetName=VIN +24V Pin=U2-12
Added Pin To Net: NetName=VIN +24V Pin=U3-12
Added Net: Name=VIN +24V
Added Pin To Net: NetName=VOUT Pin=C7-1
Added Pin To Net: NetName=VOUT Pin=C9-1
Added Pin To Net: NetName=VOUT Pin=D7-1
Added Net: Name=VOUT
Added Class: Name=MotorController
Added Member To Class: ClassName=Main Member=Component C1 Cap
Added Member To Class: ClassName=Main Member=Component C2 CAP-Tantal
Added Member To Class: ClassName=Main Member=Component C3 Cap
Added Member To Class: ClassName=Main Member=Component C4 Cap
Added Member To Class: ClassName=Main Member=Component C5 Cap
Added Member To Class: ClassName=Main Member=Component C6 Cap
Added Member To Class: ClassName=POWER Member=Component C17 Cap Pol1
Added Member To Class: ClassName=POWER Member=Component C18 Cap
Added Member To Class: ClassName=POWER Member=Component C19 Cap Pol1
Added Member To Class: ClassName=POWER Member=Component C20 Cap
Added Member To Class: ClassName=Sensor Member=Component C21 Cap
Added Member To Class: ClassName=Sensor Member=Component C22 Cap
Added Member To Class: ClassName=USART Member=Component C23 Cap
Added Member To Class: ClassName=USART Member=Component C24 Cap
Added Member To Class: ClassName=USART Member=Component C25 Cap
Added Member To Class: ClassName=USART Member=Component C26 Cap
Added Member To Class: ClassName=USART Member=Component C27 CAP-Tantal
Added Member To Class: ClassName=USART Member=Component C28 Cap
Added Member To Class: ClassName=Connectors Member=Component CN1 Connector 4973-08TRNLF
Added Member To Class: ClassName=Connectors Member=Component CN2 Connector 4973-08TRNLF
Added Member To Class: ClassName=Connectors Member=Component CN3 Connector 4973-08TRNLF
Added Member To Class: ClassName=Connectors Member=Component CN4 Connector 4973-08TRNLF
Added Member To Class: ClassName=Connectors Member=Component CN5 Connector 4973-08TRNLF
Added Member To Class: ClassName=Connectors Member=Component CN6 Connector 4973-04TRNLF
Added Member To Class: ClassName=IO Member=Component D1 Diode 1N4007
Added Member To Class: ClassName=IO Member=Component D2 Diode 1N4007
Added Member To Class: ClassName=IO Member=Component D3 Diode 1N4007
Added Member To Class: ClassName=IO Member=Component D4 Diode 1N4007
Added Member To Class: ClassName=IO Member=Component D5 Yeþil Led
Added Member To Class: ClassName=IO Member=Component D6 Kýrmýzý Led
Added Member To Class: ClassName=POWER Member=Component D12 MBRS340T3G
Added Member To Class: ClassName=POWER Member=Component D13 LED
Added Member To Class: ClassName=POWER Member=Component D14 TVS SMAJ48CA
Added Member To Class: ClassName=POWER Member=Component D15 MBRS340T3G
Added Member To Class: ClassName=Sensor Member=Component D16 LL4148
Added Member To Class: ClassName=Sensor Member=Component D17 LL4148
Added Member To Class: ClassName=Connectors Member=Component J1 JUMPER 20mm
Added Member To Class: ClassName=Connectors Member=Component J2 JUMPER 20mm
Added Member To Class: ClassName=Connectors Member=Component J3 JUMPER 20mm
Added Member To Class: ClassName=Connectors Member=Component J4 JUMPER 20mm
Added Member To Class: ClassName=USART Member=Component J5 D Connector 9
Added Member To Class: ClassName=IO Member=Component K1 Relay SRS
Added Member To Class: ClassName=IO Member=Component K2 Relay SRS
Added Member To Class: ClassName=IO Member=Component K3 Relay SRS
Added Member To Class: ClassName=IO Member=Component K4 Relay SRS
Added Member To Class: ClassName=POWER Member=Component L1 Inductor
Added Member To Class: ClassName=Main Member=Component P1 Header 2mm 5pin
Added Member To Class: ClassName=Sensor Member=Component P2 Connector DG301-5.0 - 3P
Added Member To Class: ClassName=IO Member=Component Q1 BCX56-16
Added Member To Class: ClassName=IO Member=Component Q2 BCX56-16
Added Member To Class: ClassName=IO Member=Component Q3 BCX56-16
Added Member To Class: ClassName=IO Member=Component Q4 BCX56-16
Added Member To Class: ClassName=IO Member=Component R1 Res1
Added Member To Class: ClassName=IO Member=Component R2 Res1
Added Member To Class: ClassName=IO Member=Component R3 Res1
Added Member To Class: ClassName=IO Member=Component R4 Res1
Added Member To Class: ClassName=IO Member=Component R5 Res1
Added Member To Class: ClassName=IO Member=Component R6 Res1
Added Member To Class: ClassName=Main Member=Component R7 Res1
Added Member To Class: ClassName=POWER Member=Component R27 Res1
Added Member To Class: ClassName=Sensor Member=Component R28 Res1
Added Member To Class: ClassName=Sensor Member=Component R29 Res1
Added Member To Class: ClassName=Sensor Member=Component R30 Res1
Added Member To Class: ClassName=Main Member=Component U1 PIC16F887
Added Member To Class: ClassName=POWER Member=Component U4 LM2576S-5.0
Added Member To Class: ClassName=Sensor Member=Component U5 LM35DZ
Added Member To Class: ClassName=Sensor Member=Component U6 DS18B20
Added Member To Class: ClassName=USART Member=Component U7 MAX232ID
Added Room: Name=Connectors
Added Room: Name=IO
Added Room: Name=Main
Added Room: Name=MotorController
Added Room: Name=POWER
Added Room: Name=Sensor
Added Room: Name=USART
