Removed Member From Class: ClassName=POWER Member=C5
Removed Member From Class: ClassName=POWER Member=C6
Removed Member From Class: ClassName=POWER Member=C7
Removed Member From Class: ClassName=POWER Member=C8
Removed Member From Class: ClassName=Sensor Member=C15
Removed Member From Class: ClassName=POWER Member=D1
Removed Member From Class: ClassName=POWER Member=D2
Removed Member From Class: ClassName=POWER Member=D2
Removed Member From Class: ClassName=POWER Member=D3
Removed Member From Class: ClassName=POWER Member=D4
Removed Member From Class: ClassName=IO Member=D7
Removed Member From Class: ClassName=IO Member=D8
Removed Member From Class: ClassName=IO Member=D9
Removed Member From Class: ClassName=IO Member=D10
Removed Member From Class: ClassName=IO Member=D11
Removed Member From Class: ClassName=IO Member=D12
Removed Member From Class: ClassName=IO Member=D13
Removed Member From Class: ClassName=IO Member=D14
Removed Member From Class: ClassName=IO Member=D15
Removed Member From Class: ClassName=IO Member=D16
Removed Member From Class: ClassName=IO Member=D17
Removed Member From Class: ClassName=IO Member=Q5
Removed Member From Class: ClassName=IO Member=Q6
Removed Member From Class: ClassName=Main Member=R1
Removed Member From Class: ClassName=POWER Member=R2
Removed Member From Class: ClassName=IO Member=R7
Removed Member From Class: ClassName=IO Member=R8
Removed Member From Class: ClassName=IO Member=R9
Removed Member From Class: ClassName=IO Member=R10
Removed Member From Class: ClassName=IO Member=R11
Removed Member From Class: ClassName=IO Member=R12
Removed Member From Class: ClassName=IO Member=R13
Removed Member From Class: ClassName=IO Member=R14
Removed Member From Class: ClassName=IO Member=R15
Removed Member From Class: ClassName=IO Member=R16
Removed Member From Class: ClassName=IO Member=R17
Removed Member From Class: ClassName=Sensor Member=R18
Removed Member From Class: ClassName=POWER Member=U2
Removed Member From Class: ClassName=Sensor Member=U4
Added Component: Designator=Y1(XTAL - SMT)
Added Pin To Net: NetName=NetC8_1 Pin=Q5-5
Added Pin To Net: NetName=NetC8_1 Pin=Q5-5
Added Pin To Net: NetName=NetC8_1 Pin=Q5-5
Added Pin To Net: NetName=NetC8_1 Pin=Q5-5
Added Pin To Net: NetName=NetC8_1 Pin=Q5-5
Added Pin To Net: NetName=NetC8_1 Pin=Q5-5
Added Pin To Net: NetName=NetC8_1 Pin=Q5-5
Added Pin To Net: NetName=NetC8_1 Pin=Q5-5
Added Pin To Net: NetName=NetC8_1 Pin=Q5-5
Added Pin To Net: NetName=NetC8_1 Pin=Q5-5
Added Pin To Net: NetName=NetC8_1 Pin=Q5-5
Added Pin To Net: NetName=NetC8_1 Pin=Q5-5
Added Pin To Net: NetName=NetC8_1 Pin=Q5-5
Added Pin To Net: NetName=NetC8_1 Pin=Q5-6
Added Pin To Net: NetName=NetC8_1 Pin=Q5-7
Added Pin To Net: NetName=NetC8_1 Pin=Q5-8
Added Pin To Net: NetName=NetC10_1 Pin=Q6-5
Added Pin To Net: NetName=NetC10_1 Pin=Q6-5
Added Pin To Net: NetName=NetC10_1 Pin=Q6-5
Added Pin To Net: NetName=NetC10_1 Pin=Q6-5
Added Pin To Net: NetName=NetC10_1 Pin=Q6-5
Added Pin To Net: NetName=NetC10_1 Pin=Q6-5
Added Pin To Net: NetName=NetC10_1 Pin=Q6-5
Added Pin To Net: NetName=NetC10_1 Pin=Q6-5
Added Pin To Net: NetName=NetC10_1 Pin=Q6-5
Added Pin To Net: NetName=NetC10_1 Pin=Q6-5
Added Pin To Net: NetName=NetC10_1 Pin=Q6-5
Added Pin To Net: NetName=NetC10_1 Pin=Q6-5
Added Pin To Net: NetName=NetC10_1 Pin=Q6-5
Added Pin To Net: NetName=NetC10_1 Pin=Q6-6
Added Pin To Net: NetName=NetC10_1 Pin=Q6-7
Added Pin To Net: NetName=NetC10_1 Pin=Q6-8
Added Pin To Net: NetName=NetC5_2 Pin=Y1-1
Added Pin To Net: NetName=NetC4_2 Pin=Y1-2
Added Class: Name=USART
Added Member To Class: ClassName=Main Member=Component Y1 XTAL_SMT
