Added Component: Designator=Q5(DFN5x6 EP)
Added Component: Designator=Q6(DFN5x6 EP)
Added Pin To Net: NetName=VIN +24V Pin=Q5-1
Added Pin To Net: NetName=VIN +24V Pin=Q5-2
Added Pin To Net: NetName=VIN +24V Pin=Q5-3
Added Pin To Net: NetName=NetQ5_4 Pin=Q5-4
Added Pin To Net: NetName=NetC8_1 Pin=Q5-5
Added Pin To Net: NetName=NetC8_1 Pin=Q5-5
Added Pin To Net: NetName=NetC8_1 Pin=Q5-5
Added Pin To Net: NetName=NetC8_1 Pin=Q5-5
Added Pin To Net: NetName=NetC8_1 Pin=Q5-5
Added Pin To Net: NetName=NetC8_1 Pin=Q5-5
Added Pin To Net: NetName=NetC8_1 Pin=Q5-5
Added Pin To Net: NetName=NetC8_1 Pin=Q5-5
Added Pin To Net: NetName=NetC8_1 Pin=Q5-5
Added Pin To Net: NetName=NetC8_1 Pin=Q5-5
Added Pin To Net: NetName=NetC8_1 Pin=Q5-5
Added Pin To Net: NetName=NetC8_1 Pin=Q5-5
Added Pin To Net: NetName=NetC8_1 Pin=Q5-5
Added Pin To Net: NetName=NetC8_1 Pin=Q5-5
Added Pin To Net: NetName=NetC8_1 Pin=Q5-6
Added Pin To Net: NetName=NetC8_1 Pin=Q5-7
Added Pin To Net: NetName=NetC8_1 Pin=Q5-8
Added Pin To Net: NetName=VIN +24V Pin=Q6-1
Added Pin To Net: NetName=VIN +24V Pin=Q6-2
Added Pin To Net: NetName=VIN +24V Pin=Q6-3
Added Pin To Net: NetName=NetQ6_4 Pin=Q6-4
Added Pin To Net: NetName=NetC10_1 Pin=Q6-5
Added Pin To Net: NetName=NetC10_1 Pin=Q6-5
Added Pin To Net: NetName=NetC10_1 Pin=Q6-5
Added Pin To Net: NetName=NetC10_1 Pin=Q6-5
Added Pin To Net: NetName=NetC10_1 Pin=Q6-5
Added Pin To Net: NetName=NetC10_1 Pin=Q6-5
Added Pin To Net: NetName=NetC10_1 Pin=Q6-5
Added Pin To Net: NetName=NetC10_1 Pin=Q6-5
Added Pin To Net: NetName=NetC10_1 Pin=Q6-5
Added Pin To Net: NetName=NetC10_1 Pin=Q6-5
Added Pin To Net: NetName=NetC10_1 Pin=Q6-5
Added Pin To Net: NetName=NetC10_1 Pin=Q6-5
Added Pin To Net: NetName=NetC10_1 Pin=Q6-5
Added Pin To Net: NetName=NetC10_1 Pin=Q6-5
Added Pin To Net: NetName=NetC10_1 Pin=Q6-6
Added Pin To Net: NetName=NetC10_1 Pin=Q6-7
Added Pin To Net: NetName=NetC10_1 Pin=Q6-8
Added Member To Class: ClassName=MotorController Member=Component Q5 AON6508
Added Member To Class: ClassName=MotorController Member=Component Q6 AON6508
Added Room: Name=Connectors
Added Room: Name=IO
Added Room: Name=Main
Added Room: Name=MotorController
Added Room: Name=POWER
Added Room: Name=Sensor
Added Room: Name=USART
