Removed Pin From Net: NetName=NetR4_1 Pin=U1-38
Removed Pin From Net: NetName=NetR3_1 Pin=U1-39
Removed Pin From Net: NetName=NetR5_1 Pin=U1-40
Removed Pin From Net: NetName=NetR6_1 Pin=U1-41
Added Pin To Net: NetName=VOUT Pin=Q5-6
Added Pin To Net: NetName=VOUT Pin=Q5-7
Added Pin To Net: NetName=VOUT Pin=Q5-8
Added Pin To Net: NetName=VOUT Pin=Q6-6
Added Pin To Net: NetName=VOUT Pin=Q6-7
Added Pin To Net: NetName=VOUT Pin=Q6-8
Added Pin To Net: NetName=NetR3_1 Pin=U1-40
Added Pin To Net: NetName=NetR4_1 Pin=U1-41
Added Pin To Net: NetName=NetR5_1 Pin=U1-42
Added Pin To Net: NetName=NetR6_1 Pin=U1-43
Added Room: Name=Connectors
Added Room: Name=IO
Added Room: Name=Main
Added Room: Name=MotorController
Added Room: Name=POWER
Added Room: Name=Sensor
Added Room: Name=USART
