Added Pin To Net: NetName=VIN +24V Pin=D1-2
Added Pin To Net: NetName=VIN +24V Pin=D2-2
Added Pin To Net: NetName=VIN +24V Pin=D3-2
Added Pin To Net: NetName=VIN +24V Pin=D4-2
Added Pin To Net: NetName=VIN +24V Pin=K1-3
Added Pin To Net: NetName=VIN +24V Pin=K2-3
Added Pin To Net: NetName=VIN +24V Pin=K3-3
Added Pin To Net: NetName=VIN +24V Pin=K4-3
Added Pin To Net: NetName=VOUT Pin=Q5-6
Added Pin To Net: NetName=VOUT Pin=Q5-7
Added Pin To Net: NetName=VOUT Pin=Q5-8
Added Pin To Net: NetName=VOUT Pin=Q6-6
Added Pin To Net: NetName=VOUT Pin=Q6-7
Added Pin To Net: NetName=VOUT Pin=Q6-8
Added Room: Name=Connectors
Added Room: Name=IO
Added Room: Name=Main
Added Room: Name=MotorController
Added Room: Name=POWER
Added Room: Name=Sensor
Added Room: Name=USART
