Removed Pin From Net: NetName=NetCN1_1 Pin=J1-1
Removed Pin From Net: NetName=NetCN3_1 Pin=J2-1
Removed Pin From Net: NetName=NetCN1_2 Pin=J3-1
Removed Pin From Net: NetName=NetCN3_2 Pin=J4-1
Removed Member From Class: ClassName=Connectors Member=J1
Removed Member From Class: ClassName=Connectors Member=J2
Removed Member From Class: ClassName=Connectors Member=J3
Removed Member From Class: ClassName=Connectors Member=J4
Added Pin To Net: NetName=NetCN1_2 Pin=D8-2
Added Pin To Net: NetName=NetCN3_2 Pin=D9-2
Added Pin To Net: NetName=NetCN1_2 Pin=D10-1
Added Pin To Net: NetName=NetCN3_2 Pin=D11-1
Added Pin To Net: NetName=VOUT Pin=Q5-6
Added Pin To Net: NetName=VOUT Pin=Q5-7
Added Pin To Net: NetName=VOUT Pin=Q5-8
Added Pin To Net: NetName=VOUT Pin=Q6-6
Added Pin To Net: NetName=VOUT Pin=Q6-7
Added Pin To Net: NetName=VOUT Pin=Q6-8
Added Pin To Net: NetName=NetCN1_1 Pin=R25-1
Added Pin To Net: NetName=NetCN3_1 Pin=R26-1
Added Pin To Net: NetName=NetCN1_2 Pin=U2-1
Added Pin To Net: NetName=NetCN1_1 Pin=U2-15
Added Pin To Net: NetName=NetCN1_1 Pin=U2-16
Added Pin To Net: NetName=NetCN1_1 Pin=U2-21
Added Pin To Net: NetName=NetCN1_1 Pin=U2-22
Added Pin To Net: NetName=NetCN1_2 Pin=U2-24
Added Pin To Net: NetName=NetCN1_2 Pin=U2-25
Added Pin To Net: NetName=NetCN1_2 Pin=U2-30
Added Pin To Net: NetName=NetCN1_1 Pin=U2-32
Added Pin To Net: NetName=NetCN1_2 Pin=U2-33
Added Pin To Net: NetName=NetCN3_2 Pin=U3-1
Added Pin To Net: NetName=NetCN3_1 Pin=U3-15
Added Pin To Net: NetName=NetCN3_1 Pin=U3-16
Added Pin To Net: NetName=NetCN3_1 Pin=U3-21
Added Pin To Net: NetName=NetCN3_1 Pin=U3-22
Added Pin To Net: NetName=NetCN3_2 Pin=U3-24
Added Pin To Net: NetName=NetCN3_2 Pin=U3-25
Added Pin To Net: NetName=NetCN3_2 Pin=U3-30
Added Pin To Net: NetName=NetCN3_1 Pin=U3-32
Added Pin To Net: NetName=NetCN3_2 Pin=U3-33
Added Room: Name=Connectors
Added Room: Name=IO
Added Room: Name=Main
Added Room: Name=MotorController
Added Room: Name=POWER
Added Room: Name=Sensor
Added Room: Name=USART
